<?xml version="1.0" encoding="UTF-8"?>
<testsuite xmlns:xsi="http://www.w3.org/2001/XMLSchema-instance" xsi:noNamespaceSchemaLocation="https://maven.apache.org/surefire/maven-surefire-plugin/xsd/surefire-test-report-3.0.xsd" version="3.0" name="com.example.AppTest" time="0.026" tests="1" errors="0" skipped="0" failures="0">
  <properties>
    <property name="java.specification.version" value="17"/>
    <property name="sun.jnu.encoding" value="UTF-8"/>
    <property name="java.class.path" value="/Users/riccardopolazzi/Desktop/assignment-03/controlUnit/target/test-classes:/Users/riccardopolazzi/Desktop/assignment-03/controlUnit/target/classes:/Users/riccardopolazzi/.m2/repository/junit/junit/3.8.1/junit-3.8.1.jar:/Users/riccardopolazzi/.m2/repository/io/vertx/vertx-core/4.5.0/vertx-core-4.5.0.jar:/Users/riccardopolazzi/.m2/repository/io/netty/netty-common/4.1.100.Final/netty-common-4.1.100.Final.jar:/Users/riccardopolazzi/.m2/repository/io/netty/netty-buffer/4.1.100.Final/netty-buffer-4.1.100.Final.jar:/Users/riccardopolazzi/.m2/repository/io/netty/netty-transport/4.1.100.Final/netty-transport-4.1.100.Final.jar:/Users/riccardopolazzi/.m2/repository/io/netty/netty-handler/4.1.100.Final/netty-handler-4.1.100.Final.jar:/Users/riccardopolazzi/.m2/repository/io/netty/netty-transport-native-unix-common/4.1.100.Final/netty-transport-native-unix-common-4.1.100.Final.jar:/Users/riccardopolazzi/.m2/repository/io/netty/netty-codec/4.1.100.Final/netty-codec-4.1.100.Final.jar:/Users/riccardopolazzi/.m2/repository/io/netty/netty-handler-proxy/4.1.100.Final/netty-handler-proxy-4.1.100.Final.jar:/Users/riccardopolazzi/.m2/repository/io/netty/netty-codec-socks/4.1.100.Final/netty-codec-socks-4.1.100.Final.jar:/Users/riccardopolazzi/.m2/repository/io/netty/netty-codec-http/4.1.100.Final/netty-codec-http-4.1.100.Final.jar:/Users/riccardopolazzi/.m2/repository/io/netty/netty-codec-http2/4.1.100.Final/netty-codec-http2-4.1.100.Final.jar:/Users/riccardopolazzi/.m2/repository/io/netty/netty-resolver/4.1.100.Final/netty-resolver-4.1.100.Final.jar:/Users/riccardopolazzi/.m2/repository/io/netty/netty-resolver-dns/4.1.100.Final/netty-resolver-dns-4.1.100.Final.jar:/Users/riccardopolazzi/.m2/repository/io/netty/netty-codec-dns/4.1.100.Final/netty-codec-dns-4.1.100.Final.jar:/Users/riccardopolazzi/.m2/repository/com/fasterxml/jackson/core/jackson-core/2.15.3/jackson-core-2.15.3.jar:/Users/riccardopolazzi/.m2/repository/io/vertx/vertx-web/4.5.0/vertx-web-4.5.0.jar:/Users/riccardopolazzi/.m2/repository/io/vertx/vertx-web-common/4.5.0/vertx-web-common-4.5.0.jar:/Users/riccardopolazzi/.m2/repository/io/vertx/vertx-auth-common/4.5.0/vertx-auth-common-4.5.0.jar:/Users/riccardopolazzi/.m2/repository/io/vertx/vertx-bridge-common/4.5.0/vertx-bridge-common-4.5.0.jar:/Users/riccardopolazzi/.m2/repository/io/vertx/vertx-mqtt/4.5.0/vertx-mqtt-4.5.0.jar:/Users/riccardopolazzi/.m2/repository/io/netty/netty-codec-mqtt/4.1.100.Final/netty-codec-mqtt-4.1.100.Final.jar:/Users/riccardopolazzi/.m2/repository/org/scream3r/jssc/2.8.0/jssc-2.8.0.jar:"/>
    <property name="java.vm.vendor" value="Oracle Corporation"/>
    <property name="sun.arch.data.model" value="64"/>
    <property name="java.vendor.url" value="https://java.oracle.com/"/>
    <property name="os.name" value="Mac OS X"/>
    <property name="java.vm.specification.version" value="17"/>
    <property name="sun.java.launcher" value="SUN_STANDARD"/>
    <property name="user.country" value="IT"/>
    <property name="sun.boot.library.path" value="/Users/riccardopolazzi/.jabba/jdk/openjdk@1.17.0/Contents/Home/lib"/>
    <property name="sun.java.command" value="/Users/riccardopolazzi/Desktop/assignment-03/controlUnit/target/surefire/surefirebooter-20250211114631447_3.jar /Users/riccardopolazzi/Desktop/assignment-03/controlUnit/target/surefire 2025-02-11T11-46-31_184-jvmRun1 surefire-20250211114631447_1tmp surefire_0-20250211114631447_2tmp"/>
    <property name="http.nonProxyHosts" value="local|*.local|169.254/16|*.169.254/16"/>
    <property name="jdk.debug" value="release"/>
    <property name="surefire.test.class.path" value="/Users/riccardopolazzi/Desktop/assignment-03/controlUnit/target/test-classes:/Users/riccardopolazzi/Desktop/assignment-03/controlUnit/target/classes:/Users/riccardopolazzi/.m2/repository/junit/junit/3.8.1/junit-3.8.1.jar:/Users/riccardopolazzi/.m2/repository/io/vertx/vertx-core/4.5.0/vertx-core-4.5.0.jar:/Users/riccardopolazzi/.m2/repository/io/netty/netty-common/4.1.100.Final/netty-common-4.1.100.Final.jar:/Users/riccardopolazzi/.m2/repository/io/netty/netty-buffer/4.1.100.Final/netty-buffer-4.1.100.Final.jar:/Users/riccardopolazzi/.m2/repository/io/netty/netty-transport/4.1.100.Final/netty-transport-4.1.100.Final.jar:/Users/riccardopolazzi/.m2/repository/io/netty/netty-handler/4.1.100.Final/netty-handler-4.1.100.Final.jar:/Users/riccardopolazzi/.m2/repository/io/netty/netty-transport-native-unix-common/4.1.100.Final/netty-transport-native-unix-common-4.1.100.Final.jar:/Users/riccardopolazzi/.m2/repository/io/netty/netty-codec/4.1.100.Final/netty-codec-4.1.100.Final.jar:/Users/riccardopolazzi/.m2/repository/io/netty/netty-handler-proxy/4.1.100.Final/netty-handler-proxy-4.1.100.Final.jar:/Users/riccardopolazzi/.m2/repository/io/netty/netty-codec-socks/4.1.100.Final/netty-codec-socks-4.1.100.Final.jar:/Users/riccardopolazzi/.m2/repository/io/netty/netty-codec-http/4.1.100.Final/netty-codec-http-4.1.100.Final.jar:/Users/riccardopolazzi/.m2/repository/io/netty/netty-codec-http2/4.1.100.Final/netty-codec-http2-4.1.100.Final.jar:/Users/riccardopolazzi/.m2/repository/io/netty/netty-resolver/4.1.100.Final/netty-resolver-4.1.100.Final.jar:/Users/riccardopolazzi/.m2/repository/io/netty/netty-resolver-dns/4.1.100.Final/netty-resolver-dns-4.1.100.Final.jar:/Users/riccardopolazzi/.m2/repository/io/netty/netty-codec-dns/4.1.100.Final/netty-codec-dns-4.1.100.Final.jar:/Users/riccardopolazzi/.m2/repository/com/fasterxml/jackson/core/jackson-core/2.15.3/jackson-core-2.15.3.jar:/Users/riccardopolazzi/.m2/repository/io/vertx/vertx-web/4.5.0/vertx-web-4.5.0.jar:/Users/riccardopolazzi/.m2/repository/io/vertx/vertx-web-common/4.5.0/vertx-web-common-4.5.0.jar:/Users/riccardopolazzi/.m2/repository/io/vertx/vertx-auth-common/4.5.0/vertx-auth-common-4.5.0.jar:/Users/riccardopolazzi/.m2/repository/io/vertx/vertx-bridge-common/4.5.0/vertx-bridge-common-4.5.0.jar:/Users/riccardopolazzi/.m2/repository/io/vertx/vertx-mqtt/4.5.0/vertx-mqtt-4.5.0.jar:/Users/riccardopolazzi/.m2/repository/io/netty/netty-codec-mqtt/4.1.100.Final/netty-codec-mqtt-4.1.100.Final.jar:/Users/riccardopolazzi/.m2/repository/org/scream3r/jssc/2.8.0/jssc-2.8.0.jar:"/>
    <property name="sun.cpu.endian" value="little"/>
    <property name="user.home" value="/Users/riccardopolazzi"/>
    <property name="user.language" value="it"/>
    <property name="java.specification.vendor" value="Oracle Corporation"/>
    <property name="java.version.date" value="2021-09-14"/>
    <property name="java.home" value="/Users/riccardopolazzi/.jabba/jdk/openjdk@1.17.0/Contents/Home"/>
    <property name="file.separator" value="/"/>
    <property name="basedir" value="/Users/riccardopolazzi/Desktop/assignment-03/controlUnit"/>
    <property name="java.vm.compressedOopsMode" value="Zero based"/>
    <property name="line.separator" value="&#10;"/>
    <property name="java.specification.name" value="Java Platform API Specification"/>
    <property name="java.vm.specification.vendor" value="Oracle Corporation"/>
    <property name="surefire.real.class.path" value="/Users/riccardopolazzi/Desktop/assignment-03/controlUnit/target/surefire/surefirebooter-20250211114631447_3.jar"/>
    <property name="sun.management.compiler" value="HotSpot 64-Bit Tiered Compilers"/>
    <property name="ftp.nonProxyHosts" value="local|*.local|169.254/16|*.169.254/16"/>
    <property name="java.runtime.version" value="17+35-2724"/>
    <property name="user.name" value="riccardopolazzi"/>
    <property name="path.separator" value=":"/>
    <property name="os.version" value="14.5"/>
    <property name="java.runtime.name" value="OpenJDK Runtime Environment"/>
    <property name="file.encoding" value="UTF-8"/>
    <property name="java.vm.name" value="OpenJDK 64-Bit Server VM"/>
    <property name="localRepository" value="/Users/riccardopolazzi/.m2/repository"/>
    <property name="java.vendor.url.bug" value="https://bugreport.java.com/bugreport/"/>
    <property name="java.io.tmpdir" value="/var/folders/wq/n8pfb7qn2yncynq9spm8b11m0000gn/T/"/>
    <property name="java.version" value="17"/>
    <property name="user.dir" value="/Users/riccardopolazzi/Desktop/assignment-03/controlUnit"/>
    <property name="os.arch" value="x86_64"/>
    <property name="java.vm.specification.name" value="Java Virtual Machine Specification"/>
    <property name="native.encoding" value="UTF-8"/>
    <property name="java.library.path" value="/Users/riccardopolazzi/Library/Java/Extensions:/Library/Java/Extensions:/Network/Library/Java/Extensions:/System/Library/Java/Extensions:/usr/lib/java:."/>
    <property name="java.vm.info" value="mixed mode, sharing"/>
    <property name="java.vendor" value="Oracle Corporation"/>
    <property name="java.vm.version" value="17+35-2724"/>
    <property name="sun.io.unicode.encoding" value="UnicodeBig"/>
    <property name="socksNonProxyHosts" value="local|*.local|169.254/16|*.169.254/16"/>
    <property name="java.class.version" value="61.0"/>
  </properties>
  <testcase name="testApp" classname="com.example.AppTest" time="0.002"/>
</testsuite>